<?xml version="1.0" encoding="utf-8"?><testsuites name="pytest tests"><testsuite name="pytest" errors="0" failures="0" skipped="0" tests="13" time="2.214" timestamp="2026-09-25T03:59:27.118024+00:00" hostname="agent-env-3dceb949-6ff4-4548-bdda-29b1312da7f4"><testcase classname="tests.test_iteration14_devanagari_and_fit" name="test_devanagari_font_is_real_truetype" time="0.001" /><testcase classname="tests.test_incremental_retry_and_segment" name="test_editor_pass_only_invalidates_changed_segments" time="0.049" /><testcase classname="tests.test_iteration14_devanagari_and_fit" name="test_raqm_enabled_and_layout_engine" time="0.000" /><testcase classname="tests.test_iteration14_devanagari_and_fit" name="test_bengali_font_is_real_truetype" time="0.002" /><testcase classname="tests.test_iteration14_devanagari_and_fit" name="test_render_caption_devanagari_writes_png" time="0.022" /><testcase classname="tests.test_iteration14_devanagari_and_fit" name="test_fit_audio_speeds_up_over_budget" time="0.717" /><testcase classname="tests.test_incremental_retry_and_segment" name="test_editor_pass_no_changes_invalidates_nothing" time="0.000" /><testcase classname="tests.test_incremental_retry_and_segment" name="test_pick_creative_model_by_ram" time="0.000" /><testcase classname="tests.test_incremental_retry_and_segment" name="test_ollama_payload_is_cpu_only" time="0.044" /><testcase classname="tests.test_incremental_retry_and_segment" name="test_devanagari_font_is_not_bitmap_default" time="0.022" /><testcase classname="tests.test_incremental_retry_and_segment" name="test_fit_audio_to_budget_speeds_up_over_budget" time="0.698" /><testcase classname="tests.test_iteration14_devanagari_and_fit" name="test_fit_audio_under_budget_untouched" time="0.392" /><testcase classname="tests.test_incremental_retry_and_segment" name="test_fit_audio_leaves_under_budget_untouched" time="0.234" /></testsuite></testsuites>